<?xml version="1.0" encoding="UTF-8"?>
<testsuite name="com.Stalk.project.StalkApplicationTests" tests="1" skipped="0" failures="0" errors="0" timestamp="2025-07-24T14:03:17.885Z" hostname="DESKTOP-932Q947" time="0.866">
  <properties/>
  <testcase name="contextLoads()" classname="com.Stalk.project.StalkApplicationTests" time="0.866"/>
  <system-out><![CDATA[23:03:15.319 [Test worker] INFO org.springframework.test.context.support.AnnotationConfigContextLoaderUtils -- Could not detect default configuration classes for test class [com.Stalk.project.StalkApplicationTests]: StalkApplicationTests does not declare any static, non-private, non-final, nested classes annotated with @Configuration.
23:03:15.427 [Test worker] INFO org.springframework.boot.test.context.SpringBootTestContextBootstrapper -- Found @SpringBootConfiguration com.Stalk.project.StalkApplication for test class com.Stalk.project.StalkApplicationTests

  .   ____          _            __ _ _
 /\\ / ___'_ __ _ _(_)_ __  __ _ \ \ \ \
( ( )\___ | '_ | '_| | '_ \/ _` | \ \ \ \
 \\/  ___)| |_)| | | | | || (_| |  ) ) ) )
  '  |____| .__|_| |_|_| |_\__, | / / / /
 =========|_|==============|___/=/_/_/_/

 :: Spring Boot ::                (v3.4.7)

2025-07-24T23:03:15.822+09:00  INFO 52044 --- [Stalk] [    Test worker] c.Stalk.project.StalkApplicationTests    : Starting StalkApplicationTests using Java 17.0.15 with PID 52044 (started by KMJYN in C:\study\ssafy\workspace\kty\S13P11E205\Stalk_BE)
2025-07-24T23:03:15.823+09:00  INFO 52044 --- [Stalk] [    Test worker] c.Stalk.project.StalkApplicationTests    : No active profile set, falling back to 1 default profile: "default"
2025-07-24T23:03:16.514+09:00  WARN 52044 --- [Stalk] [    Test worker] o.m.s.mapper.ClassPathMapperScanner      : No MyBatis mapper was found in '[com.Stalk.project]' package. Please check your configuration.
2025-07-24T23:03:17.501+09:00  WARN 52044 --- [Stalk] [    Test worker] .s.s.UserDetailsServiceAutoConfiguration : 

Using generated security password: 95f6868d-f53d-461c-a6af-4aa1dc0a01cc

This generated password is for development use only. Your security configuration must be updated before running your application in production.

2025-07-24T23:03:17.537+09:00  INFO 52044 --- [Stalk] [    Test worker] r$InitializeUserDetailsManagerConfigurer : Global AuthenticationManager configured with UserDetailsService bean with name inMemoryUserDetailsManager
2025-07-24T23:03:17.851+09:00  INFO 52044 --- [Stalk] [    Test worker] c.Stalk.project.StalkApplicationTests    : Started StalkApplicationTests in 2.265 seconds (process running for 3.297)
]]></system-out>
  <system-err><![CDATA[]]></system-err>
</testsuite>
